[2020-11-23 20:07:22] live.ERROR: Command "config:cahce" is not defined.

Did you mean one of these?
    config:cache
    config:clear {"exception":"[object] (Symfony\\Component\\Console\\Exception\\CommandNotFoundException(code: 0): Command \"config:cahce\" is not defined.

Did you mean one of these?
    config:cache
    config:clear at /home/u762481292/domains/doctorpescadosportfishing.com/vendor/symfony/console/Application.php:644)
[stacktrace]
#0 /home/u762481292/domains/doctorpescadosportfishing.com/vendor/symfony/console/Application.php(228): Symfony\\Component\\Console\\Application->find('config:cahce')
#1 /home/u762481292/domains/doctorpescadosportfishing.com/vendor/symfony/console/Application.php(140): Symfony\\Component\\Console\\Application->doRun(Object(Symfony\\Component\\Console\\Input\\ArgvInput), Object(Symfony\\Component\\Console\\Output\\ConsoleOutput))
#2 /home/u762481292/domains/doctorpescadosportfishing.com/vendor/laravel/framework/src/Illuminate/Console/Application.php(93): Symfony\\Component\\Console\\Application->run(Object(Symfony\\Component\\Console\\Input\\ArgvInput), Object(Symfony\\Component\\Console\\Output\\ConsoleOutput))
#3 /home/u762481292/domains/doctorpescadosportfishing.com/vendor/laravel/framework/src/Illuminate/Foundation/Console/Kernel.php(129): Illuminate\\Console\\Application->run(Object(Symfony\\Component\\Console\\Input\\ArgvInput), Object(Symfony\\Component\\Console\\Output\\ConsoleOutput))
#4 /home/u762481292/domains/doctorpescadosportfishing.com/artisan(37): Illuminate\\Foundation\\Console\\Kernel->handle(Object(Symfony\\Component\\Console\\Input\\ArgvInput), Object(Symfony\\Component\\Console\\Output\\ConsoleOutput))
#5 {main}
"} 
[2020-11-23 20:07:37] live.ERROR: Command "config:cachee" is not defined.

Did you mean one of these?
    config:cache
    config:clear
    event:cache
    route:cache
    view:cache {"exception":"[object] (Symfony\\Component\\Console\\Exception\\CommandNotFoundException(code: 0): Command \"config:cachee\" is not defined.

Did you mean one of these?
    config:cache
    config:clear
    event:cache
    route:cache
    view:cache at /home/u762481292/domains/doctorpescadosportfishing.com/vendor/symfony/console/Application.php:644)
[stacktrace]
#0 /home/u762481292/domains/doctorpescadosportfishing.com/vendor/symfony/console/Application.php(228): Symfony\\Component\\Console\\Application->find('config:cachee')
#1 /home/u762481292/domains/doctorpescadosportfishing.com/vendor/symfony/console/Application.php(140): Symfony\\Component\\Console\\Application->doRun(Object(Symfony\\Component\\Console\\Input\\ArgvInput), Object(Symfony\\Component\\Console\\Output\\ConsoleOutput))
#2 /home/u762481292/domains/doctorpescadosportfishing.com/vendor/laravel/framework/src/Illuminate/Console/Application.php(93): Symfony\\Component\\Console\\Application->run(Object(Symfony\\Component\\Console\\Input\\ArgvInput), Object(Symfony\\Component\\Console\\Output\\ConsoleOutput))
#3 /home/u762481292/domains/doctorpescadosportfishing.com/vendor/laravel/framework/src/Illuminate/Foundation/Console/Kernel.php(129): Illuminate\\Console\\Application->run(Object(Symfony\\Component\\Console\\Input\\ArgvInput), Object(Symfony\\Component\\Console\\Output\\ConsoleOutput))
#4 /home/u762481292/domains/doctorpescadosportfishing.com/artisan(37): Illuminate\\Foundation\\Console\\Kernel->handle(Object(Symfony\\Component\\Console\\Input\\ArgvInput), Object(Symfony\\Component\\Console\\Output\\ConsoleOutput))
#5 {main}
"} 
